C51 COMPILER V9.59.0.0   SD                                                                10/14/2018 14:02:39 PAGE 1   


C51 COMPILER V9.59.0.0, COMPILATION OF MODULE SD
OBJECT MODULE PLACED IN .\Objects\SD.obj
COMPILER INVOKED BY: C:\Keil_v5\C51\BIN\C51.EXE SD.c OPTIMIZE(8,SPEED) BROWSE DEBUG OBJECTEXTEND PRINT(.\Listings\SD.lst
                    -) TABS(2) OBJECT(.\Objects\SD.obj)

line level    source

   1          #include "SD.h"
   2          #include "SPI.h"
   3          #include "Exp_1_Fall_2018/Main.h"
   4          
   5          uint8_t illegal_command = 1;
   6          uint8_t SD_timeout_error = 2;
   7          uint8_t comm_error = 4;
   8          
   9          uint8_t CMD0 = 0;
  10          uint8_t CMD8 = 8;
  11          
  12          uint8_t Send_Command(uint8_t CMD_value, uint32_t argument)
  13          {
  14   1        uint8_t return_value, send_value, rec_value, error_flag;
  15   1        if(CMD_value < 64)
  16   1        {
  17   2          send_value = 0x40 | CMD_value;
  18   2          error_flag = SPI_Transfer(send_value, &rec_value);
  19   2          if(error_flag != no_errors)
  20   2          {
  21   3            return_value = SPI_error;
  22   3          }
  23   2          if(error_flag == no_errors)
  24   2          {
  25   3            send_value = (uint8_t) (argument >> 24);
  26   3            error_flag = SPI_Transfer(send_value, &rec_value);
  27   3            if(error_flag != no_errors)
  28   3            {
  29   4              return_value = SPI_error;
  30   4            }
  31   3          }
  32   2          if(error_flag == no_errors)
  33   2          {
  34   3            send_value = (uint8_t) (argument >> 16);
  35   3            error_flag = SPI_Transfer(send_value, &rec_value);
  36   3            if(error_flag != no_errors)
  37   3            {
  38   4              return_value = SPI_error;
  39   4            }
  40   3          }
  41   2          if(error_flag == no_errors)
  42   2          {
  43   3            send_value = (uint8_t) (argument >> 8);
  44   3            error_flag = SPI_Transfer(send_value, &rec_value);
  45   3            if(error_flag != no_errors)
  46   3            {
  47   4              return_value = SPI_error;
  48   4            }
  49   3          }
  50   2          if(error_flag == no_errors)
  51   2          {
  52   3            send_value = (uint8_t) (argument);
  53   3            error_flag = SPI_Transfer(send_value, &rec_value);
  54   3            if(error_flag != no_errors)
C51 COMPILER V9.59.0.0   SD                                                                10/14/2018 14:02:39 PAGE 2   

  55   3            {
  56   4              return_value = SPI_error;
  57   4            }
  58   3          }
  59   2          if(error_flag == no_errors)
  60   2          {
  61   3            if(CMD_value == CMD0)
  62   3              send_value = 0x95;
  63   3            else if(CMD_value == CMD8)
  64   3              send_value = 0x87;
  65   3            else
  66   3              send_value = 0x01;
  67   3            
  68   3            error_flag = SPI_Transfer(send_value, &rec_value);
  69   3            if(error_flag != no_errors)
  70   3            {
  71   4              return_value = SPI_error;
  72   4            }
  73   3          }
  74   2        }
  75   1        else
  76   1          return_value = illegal_command;
  77   1        return return_value;
  78   1      }
  79          
  80          uint8_t Receive_Response(uint8_t num_bytes, uint8_t * rec_array)
  81          {
  82   1        uint8_t return_value, error_flag, SPI_value, index;
  83   1        uint16_t timeout;
  84   1        return_value = no_errors;
  85   1        timeout = 0;
  86   1        do
  87   1        {
  88   2          error_flag = SPI_Transfer(0xFF, &SPI_value);
  89   2          timeout++;
  90   2        } while((SPI_value == 0xFF) && (timeout != 0) && (error_flag == no_errors));
  91   1        
  92   1        if(error_flag != no_errors)
  93   1          return_value = SPI_error;
  94   1        else if(timeout == 0)
  95   1          return_value = SD_timeout_error;
  96   1        else if((SPI_value&0xFE) != 0x00)
  97   1        {
  98   2          *rec_array = SPI_value;
  99   2          return_value = comm_error;
 100   2        }
 101   1        else
 102   1        {
 103   2          *rec_array = SPI_value;
 104   2          if(num_bytes > 1)
 105   2          {
 106   3            for(index = 1; index < num_bytes; index++)
 107   3            {
 108   4              error_flag = SPI_Transfer(0xFF, &SPI_value);
 109   4              *(rec_array + index) = SPI_value;
 110   4            }
 111   3          }
 112   2          error_flag = SPI_Transfer(0xFF, &SPI_value);
 113   2        }
 114   1        return return_value;
 115   1      }

C51 COMPILER V9.59.0.0   SD                                                                10/14/2018 14:02:39 PAGE 3   


MODULE INFORMATION:   STATIC OVERLAYABLE
   CODE SIZE        =    400    ----
   CONSTANT SIZE    =   ----    ----
   XDATA SIZE       =   ----    ----
   PDATA SIZE       =   ----    ----
   DATA SIZE        =      7      17
   IDATA SIZE       =   ----    ----
   BIT SIZE         =   ----    ----
END OF MODULE INFORMATION.


C51 COMPILATION COMPLETE.  0 WARNING(S),  0 ERROR(S)
