C51 COMPILER V9.59.0.0   SPI                                                               10/14/2018 14:00:38 PAGE 1   


C51 COMPILER V9.59.0.0, COMPILATION OF MODULE SPI
OBJECT MODULE PLACED IN .\Objects\SPI.obj
COMPILER INVOKED BY: C:\Keil_v5\C51\BIN\C51.EXE SPI.c OPTIMIZE(8,SPEED) BROWSE DEBUG OBJECTEXTEND PRINT(.\Listings\SPI.l
                    -st) TABS(2) OBJECT(.\Objects\SPI.obj)

line level    source

   1          #include "SPI.h"
   2          #include "Exp_1_Fall_2018/Main.h"
   3          
   4          uint8_t no_errors = 0;
   5          uint8_t clock_rate_error = 1;
   6          uint8_t timeout_error = 2;
   7          uint8_t SPI_error = 3;
   8          
   9          uint8_t SPI_Master_Init(uint32_t clock_freq)
  10          {
  11   1        uint8_t divider;
  12   1        divider = (OSC_FREQ*6) / (OSC_PER_INST*clock_freq);
  13   1        
  14   1        if(divider < 2)
  15   1          SPCON=0x70|(CPOL<<3)|(CPHA<<2);
  16   1        else if(divider < 4)
  17   1          SPCON=0x71|(CPOL<<3)|(CPHA<<2);
  18   1        else
  19   1          return clock_rate_error;
  20   1        return no_errors;
  21   1      }
  22          
  23          uint8_t SPI_Transfer(uint8_t send_value, uint8_t * rec_value)
  24          {
  25   1        uint8_t error_flag, status, timeout;
  26   1        timeout = 0;
  27   1        SPDAT = send_value;
  28   1        do
  29   1        {
  30   2          status = SPSTA;
  31   2          timeout++;
  32   2        } while(((status&0xF0)==0)&&(timeout!=0));
  33   1        
  34   1        if(timeout==0)
  35   1        {
  36   2          *rec_value = 0xFF;
  37   2          error_flag = timeout_error;
  38   2        }
  39   1        else if((status & 0x70) != 0)
  40   1        {
  41   2          *rec_value = 0xFF;
  42   2          error_flag = timeout_error;
  43   2        }
  44   1        else
  45   1        {
  46   2          *rec_value = SPDAT;
  47   2          error_flag = no_errors;
  48   2        }
  49   1        return error_flag;
  50   1      }


MODULE INFORMATION:   STATIC OVERLAYABLE
   CODE SIZE        =    153    ----
C51 COMPILER V9.59.0.0   SPI                                                               10/14/2018 14:00:38 PAGE 2   

   CONSTANT SIZE    =   ----    ----
   XDATA SIZE       =   ----    ----
   PDATA SIZE       =   ----    ----
   DATA SIZE        =      6       5
   IDATA SIZE       =   ----    ----
   BIT SIZE         =   ----    ----
END OF MODULE INFORMATION.


C51 COMPILATION COMPLETE.  0 WARNING(S),  0 ERROR(S)
