C51 COMPILER V9.59.0.0   UART                                                              10/13/2018 19:33:38 PAGE 1   


C51 COMPILER V9.59.0.0, COMPILATION OF MODULE UART
OBJECT MODULE PLACED IN .\Objects\UART.obj
COMPILER INVOKED BY: C:\Keil_v5\C51\BIN\C51.EXE UART.c OPTIMIZE(8,SPEED) BROWSE DEBUG OBJECTEXTEND PRINT(.\Listings\UART
                    -.lst) TABS(2) OBJECT(.\Objects\UART.obj)

line level    source

   1          //Riley Maersch
   2          #include "UART.h"
   3          #include "Exp_1_Fall_2018/AT89C51RC2.h"
   4          #include "Util.h"
   5          #include "Exp_1_Fall_2018/Main.h"
   6          
   7          void UART_Initialization(uint16_t baudRate) 
   8          { 
   9   1        PCON &= 0x3F;
  10   1        PCON |= (SMOD1 << 7);
  11   1        ES=0;
  12   1        SCON |= 0x50;
  13   1        TI = 1;
  14   1        BDRCON = 0x00;
  15   1        BRL = (uint8_t) (256-(((1+(5*SPD))*(1+(1*SMOD1))*OSC_FREQ)/(32*OSC_PER_INST*(uint32_t)baudRate)));
  16   1        BDRCON = 0x1C | (SPD << 1);
  17   1      }
  18          
  19          uint8_t UART_Transmit(uint8_t sendValue)
  20          {
  21   1        while(!TI) { delay_ms(50); }
  22   1        SBUF =  sendValue;
  23   1        TI = 0;
  24   1        return sendValue;
  25   1      }
  26          
  27          uint8_t UART_Receive(void)
  28          {
  29   1        uint8_t tmp8 = 0x00;
  30   1        while(!RI) { delay_ms(50); }
  31   1        tmp8 = SBUF;
  32   1        RI = 0;
  33   1        return tmp8;
  34   1      }


MODULE INFORMATION:   STATIC OVERLAYABLE
   CODE SIZE        =     92    ----
   CONSTANT SIZE    =   ----    ----
   XDATA SIZE       =   ----    ----
   PDATA SIZE       =   ----    ----
   DATA SIZE        =   ----       2
   IDATA SIZE       =   ----    ----
   BIT SIZE         =   ----    ----
END OF MODULE INFORMATION.


C51 COMPILATION COMPLETE.  0 WARNING(S),  0 ERROR(S)
