C51 COMPILER V9.59.0.0   UTIL                                                              10/13/2018 19:33:38 PAGE 1   


C51 COMPILER V9.59.0.0, COMPILATION OF MODULE UTIL
OBJECT MODULE PLACED IN .\Objects\Util.obj
COMPILER INVOKED BY: C:\Keil_v5\C51\BIN\C51.EXE Util.c OPTIMIZE(8,SPEED) BROWSE DEBUG OBJECTEXTEND PRINT(.\Listings\Util
                    -.lst) TABS(2) OBJECT(.\Objects\Util.obj)

line level    source

   1          //Riley Maersch
   2          #include "Util.h"
   3          #include "Exp_1_Fall_2018/Main.h"
   4          
   5          void delay_ms(uint8_t num_ms)
   6          {
   7   1        uint16_t index1,index2;
   8   1        for(index1=0;index1<num_ms;index1++)
   9   1        {
  10   2          for(index2=0;index2<1000;index2++);
  11   2        }
  12   1      }


MODULE INFORMATION:   STATIC OVERLAYABLE
   CODE SIZE        =     35    ----
   CONSTANT SIZE    =   ----    ----
   XDATA SIZE       =   ----    ----
   PDATA SIZE       =   ----    ----
   DATA SIZE        =   ----    ----
   IDATA SIZE       =   ----    ----
   BIT SIZE         =   ----    ----
END OF MODULE INFORMATION.


C51 COMPILATION COMPLETE.  0 WARNING(S),  0 ERROR(S)
